<?xml version="1.0" encoding="UTF-8"?>
<!-- Generated by org.testng.reporters.JUnitReportReporter -->
<testsuite hostname="DESKTOP-TL0N4SB" failures="0" tests="3" name="test.SearchPage" time="2.678" errors="0" timestamp="2025-03-09T16:44:37 IST" skipped="0">
  <testcase classname="test.SearchPage" name="searchProductNamelistvalidate" time="0.003">
    <system-out>
      <![CDATA[expected Result : iphone 16e
actual Result : iphone 16e]]>
    </system-out>
  </testcase> <!-- searchProductNamelistvalidate -->
  <testcase classname="test.SearchPage" name="searchProductName" time="2.640"/>
  <testcase classname="test.SearchPage" name="testSearchForValidate" time="0.035">
    <system-out>
      <![CDATA[expected Result : 20
actual Result : 20]]>
    </system-out>
  </testcase> <!-- testSearchForValidate -->
  <system-out>
    <![CDATA[expected Brand : Apple
actual Brand : Apple
expected Operating_system : iOS
actual Operating_system : iOS
expected Memory_storage_capacity : 128 GB
actual Memory_storage_capacity : 128 GB
expected ScreenSize : 6.1 Inches
actual ScreenSize : 6.1 Inches
expected ModelName iPhone 16e
actual ModelName : iPhone 16e
expected Result : ₹57,900
actual Result : ₹57,900
expected Result : iphone 16e
actual Result : iphone 16e
expected Result : 20
actual Result : 20]]>
  </system-out>
</testsuite> <!-- test.SearchPage -->
