<?xml version="1.0" encoding="UTF-8"?>
<!-- Generated by org.testng.reporters.JUnitReportReporter -->
<testsuite hostname="DESKTOP-TL0N4SB" failures="0" tests="1" name="test.ProductPrice" time="13.845" errors="0" timestamp="2025-03-09T14:36:52 IST" skipped="0">
  <testcase classname="test.ProductPrice" name="ClicFirstLink" time="13.845">
    <system-out>
      <![CDATA[expected Result : ₹57,900
actual Result : ₹57,900]]>
    </system-out>
  </testcase> <!-- ClicFirstLink -->
  <system-out>
    <![CDATA[expected Result : ₹57,900
actual Result : ₹57,900
expected Result : iphone 16e
actual Result : iphone 16e
expected Result : 20
actual Result : 20]]>
  </system-out>
</testsuite> <!-- test.ProductPrice -->
