<?xml version="1.0" encoding="UTF-8"?>
<!-- Generated by org.testng.reporters.JUnitReportReporter -->
<testsuite hostname="DESKTOP-TL0N4SB" failures="0" tests="3" name="test.SearchPage" time="4.451" errors="0" timestamp="2025-03-09T14:36:52 IST" skipped="0">
  <testcase classname="test.SearchPage" name="searchProductName" time="4.156"/>
  <testcase classname="test.SearchPage" name="testSearchForValidate" time="0.051">
    <system-out>
      <![CDATA[expected Result : 20
actual Result : 20]]>
    </system-out>
  </testcase> <!-- testSearchForValidate -->
  <testcase classname="test.SearchPage" name="searchProductNamelistvalidate" time="0.244">
    <system-out>
      <![CDATA[expected Result : iphone 16e
actual Result : iphone 16e]]>
    </system-out>
  </testcase> <!-- searchProductNamelistvalidate -->
  <system-out>
    <![CDATA[expected Result : ₹57,900
actual Result : ₹57,900
expected Result : iphone 16e
actual Result : iphone 16e
expected Result : 20
actual Result : 20]]>
  </system-out>
</testsuite> <!-- test.SearchPage -->
