<?xml version="1.0" encoding="UTF-8"?>
<!-- Generated by org.testng.reporters.JUnitReportReporter -->
<testsuite hostname="DESKTOP-TL0N4SB" failures="0" tests="1" name="test.BaseTest" time="0.144" errors="0" timestamp="2025-03-06T16:51:17 IST" skipped="0">
  <testcase classname="test.BaseTest" name="searchProductNamelistvalidate" time="0.144"/>
</testsuite> <!-- test.BaseTest -->
