<?xml version="1.0" encoding="UTF-8"?>
<!-- Generated by org.testng.reporters.JUnitReportReporter -->
<testsuite hostname="DESKTOP-TL0N4SB" failures="0" tests="2" name="test.BrandTest" time="10.716" errors="0" timestamp="2025-03-09T16:44:37 IST" skipped="0">
  <testcase classname="test.BrandTest" name="searchProductName" time="3.638"/>
  <testcase classname="test.BrandTest" name="deviceValidation" time="7.078">
    <system-out>
      <![CDATA[expected Brand : Apple
actual Brand : Apple
expected Operating_system : iOS
actual Operating_system : iOS
expected Memory_storage_capacity : 128 GB
actual Memory_storage_capacity : 128 GB
expected ScreenSize : 6.1 Inches
actual ScreenSize : 6.1 Inches
expected ModelName iPhone 16e
actual ModelName : iPhone 16e]]>
    </system-out>
  </testcase> <!-- deviceValidation -->
  <system-out>
    <![CDATA[expected Brand : Apple
actual Brand : Apple
expected Operating_system : iOS
actual Operating_system : iOS
expected Memory_storage_capacity : 128 GB
actual Memory_storage_capacity : 128 GB
expected ScreenSize : 6.1 Inches
actual ScreenSize : 6.1 Inches
expected ModelName iPhone 16e
actual ModelName : iPhone 16e
expected Result : ₹57,900
actual Result : ₹57,900
expected Result : iphone 16e
actual Result : iphone 16e
expected Result : 20
actual Result : 20]]>
  </system-out>
</testsuite> <!-- test.BrandTest -->
