<?xml version="1.0" encoding="UTF-8"?>
<!-- Generated by org.testng.reporters.JUnitReportReporter -->
<testsuite hostname="DESKTOP-TL0N4SB" failures="0" tests="1" name="test.SearchPage1Validation" time="7.359" errors="0" timestamp="2025-03-06T15:31:23 IST" skipped="0">
  <testcase classname="test.SearchPage1Validation" name="searchProductName" time="7.359"/>
</testsuite> <!-- test.SearchPage1Validation -->
